


              0x600
                1

              0x22f5600
                1

              0xc8569d00
                1

              0xefbfc600
                1

              0x383e000
                1

              0xf
                1

              0x2845818
                1

              0x3837720
                1

              0x27
                1

              0xefbfce30
                1

              0x2804438
                1

              0xefbfc938
                1

              0xb8512639
                1

              0x2404c40
                1

              0xefbfd148
                1

              0xefbfd748
                1

              0x381b150
                1

              0x2812558
                1

              0x2522360
                1

              0x2868668
                1

              0x3861c70
                1

              0x272
                1

              0x7a
                1

              0x2222080
                1

              0xefbfc488
                1

              0x2234190
                1

              0x38c4190
                1

              0x3862398
                1

              0x4af3598
                1

              0x3836898
                1

              0xefbfc998
                1

              0x22ec7a8
                1

              0x386fec0
                1

              0x4056cc8
                1

              0xefbfd0c8
                1

              0xefbfd5c8
                1

              0x40131d0
                1

              0xb851d3d1
                1

              0xefbfd2d8
                1

              0xefbfd8e0
                1

              0x8f22af0
                1

              0x2805df0
                1

              0x267ce2f0
                1

              0xefbfd4f8
                1

              0x307e2f8
                1

              0xefbfd6a8
                2

              0x303e410
                5

              0xd55022d1
                7

               32
